Log file open, 05/18/17 09:32:41
LogInit:Display: Running engine for game: ThirdPersonProject
LogPlatformFile: Not using cached read wrapper
LogInit:Display: RandInit(-2092682445) SRandInit(-2092682444).
LogTaskGraph: Started task graph with 5 named threads and 8 total threads with 1 sets of task threads.
LogStats: Stats thread started at 4.273257
LogInit: Using libcurl 7.47.1
LogInit:  - built for x86_64-pc-win32
LogInit:  - supports SSL with OpenSSL/1.0.2g
LogInit:  - supports HTTP deflate (compression) using libz 1.2.8
LogInit:  - other features:
LogInit:      CURL_VERSION_SSL
LogInit:      CURL_VERSION_LIBZ
LogInit:      CURL_VERSION_IPV6
LogInit:      CURL_VERSION_ASYNCHDNS
LogInit:      CURL_VERSION_LARGEFILE
LogInit:      CURL_VERSION_IDN
LogInit:  CurlRequestOptions (configurable via config and command line):
LogInit:  - bVerifyPeer = false  - Libcurl will NOT verify peer certificate
LogInit:  - bUseHttpProxy = false  - Libcurl will NOT use HTTP proxy
LogInit:  - bDontReuseConnections = false  - Libcurl will reuse connections
LogInit:  - CertBundlePath = nullptr  - Libcurl will use whatever was configured at build time.
LogInit: Build: ++UE4+Release-4.15-CL-3348071
LogInit: Engine Version: 4.15.1-3348071+++UE4+Release-4.15
LogInit: Compatible Engine Version: 4.15.0-3299760+++UE4+Release-4.15
LogInit: Net CL: 3299760
LogDevObjectVersion: Number of dev versions registered: 14
LogDevObjectVersion:   Dev-Blueprints (B0D832E4-1F89-4F0D-ACCF-7EB736FD4AA2): 8
LogDevObjectVersion:   Dev-Build (E1C64328-A22C-4D53-A36C-8E866417BD8C): 0
LogDevObjectVersion:   Dev-Core (375EC13C-06E4-48FB-B500-84F0262A717E): 2
LogDevObjectVersion:   Dev-Editor (E4B068ED-F494-42E9-A231-DA0B2E46BB41): 14
LogDevObjectVersion:   Dev-Framework (CFFC743F-43B0-4480-9391-14DF171D2073): 22
LogDevObjectVersion:   Dev-Mobile (B02B49B5-BB20-44E9-A304-32B752E40360): 0
LogDevObjectVersion:   Dev-Networking (A4E4105C-59A1-49B5-A7C5-40C4547EDFEE): 0
LogDevObjectVersion:   Dev-Online (39C831C9-5AE6-47DC-9A44-9C173E1C8E7C): 0
LogDevObjectVersion:   Dev-Physics (78F01B33-EBEA-4F98-B9B4-84EACCB95AA2): 0
LogDevObjectVersion:   Dev-Platform (6631380F-2D4D-43E0-8009-CF276956A95A): 0
LogDevObjectVersion:   Dev-Rendering (12F88B9F-8875-4AFC-A67C-D90C383ABD29): 12
LogDevObjectVersion:   Dev-Sequencer (7B5AE74C-D270-4C10-A958-57980B212A5A): 3
LogDevObjectVersion:   Dev-VR (D7296918-1DD6-4BDD-9DE2-64A83CC13884): 0
LogDevObjectVersion:   Dev-LoadTimes (C2A15278-BFE7-4AFE-6C17-90FF531DF755): 1
LogInit: Compiled (64-bit): Mar 15 2017 16:52:47
LogInit: Compiled with Visual C++: 19.00.23026.00
LogInit: Build Configuration: Development
LogInit: Branch Name: ++UE4+Release-4.15
LogInit: Command line:  
LogInit: Base directory: D:/Games/Epic Games/UE_4.15/Engine/Binaries/Win64/
LogInit: Installed Engine Build: 1
LogInit: Presizing for max 8388607 objects, including 0 objects not considered by GC, pre-allocating 0 bytes for permanent pool.
LogInit: Object subsystem initialized
[2017.05.18-16.32.45:028][  0]LogInit: Selected Device Profile: [Windows]
[2017.05.18-16.32.45:028][  0]LogInit: Applying CVar settings loaded from the selected device profile: [Windows]
[2017.05.18-16.32.45:390][  0]LogInit: Computer: STEPHEN-PC
[2017.05.18-16.32.45:391][  0]LogInit: User: Stephen
[2017.05.18-16.32.45:391][  0]LogInit: CPU Page size=65536, Cores=4
[2017.05.18-16.32.45:391][  0]LogInit: High frequency timer resolution =3.423911 MHz
[2017.05.18-16.32.45:391][  0]LogMemory: Memory total: Physical=15.9GB (16GB approx)
[2017.05.18-16.32.45:391][  0]LogMemory: Platform Memory Stats for Windows
[2017.05.18-16.32.45:391][  0]LogMemory: Process Physical Memory: 264.09 MB used, 264.09 MB peak
[2017.05.18-16.32.45:391][  0]LogMemory: Process Virtual Memory: 262.34 MB used, 262.34 MB peak
[2017.05.18-16.32.45:391][  0]LogMemory: Physical Memory: 5705.23 MB used,  10622.08 MB free, 16327.31 MB total
[2017.05.18-16.32.45:391][  0]LogMemory: Virtual Memory: 644.60 MB used,  10622.08 MB free, 134217728.00 MB total
[2017.05.18-16.32.48:021][  0]LogTextLocalizationManager: No specific translations for ('en-US') exist, so ('en') translations will be used.
[2017.05.18-16.32.53:002][  0]LogD3D11RHI: D3D11 adapters:
[2017.05.18-16.32.53:027][  0]LogD3D11RHI:    0. 'AMD Radeon R9 200 Series' (Feature Level 11_0)
[2017.05.18-16.32.53:027][  0]LogD3D11RHI:       2029/0/8163 MB DedicatedVideo/DedicatedSystem/SharedSystem, Outputs:2, VendorId:0x1002
[2017.05.18-16.32.53:031][  0]LogD3D11RHI:    1. 'Microsoft Basic Render Driver' (Feature Level 11_0)
[2017.05.18-16.32.53:031][  0]LogD3D11RHI:       0/0/8163 MB DedicatedVideo/DedicatedSystem/SharedSystem, Outputs:0, VendorId:0x1414
[2017.05.18-16.32.53:031][  0]LogD3D11RHI: Chosen D3D11 Adapter: 0
[2017.05.18-16.32.53:056][  0]LogD3D11RHI: Creating new Direct3DDevice
[2017.05.18-16.32.53:056][  0]LogD3D11RHI:     GPU DeviceId: 0x6810 (for the marketing name, search the web for "GPU Device Id")
[2017.05.18-16.32.53:056][  0]LogWindows: EnumDisplayDevices:
[2017.05.18-16.32.53:057][  0]LogWindows:    0. 'AMD Radeon R9 200 Series' (P:0 D:1)
[2017.05.18-16.32.53:057][  0]LogWindows:    1. 'AMD Radeon R9 200 Series' (P:1 D:1)
[2017.05.18-16.32.53:057][  0]LogWindows:    2. 'AMD Radeon R9 200 Series' (P:0 D:0)
[2017.05.18-16.32.53:057][  0]LogWindows:    3. 'AMD Radeon R9 200 Series' (P:0 D:0)
[2017.05.18-16.32.53:058][  0]LogWindows:    4. 'AMD Radeon R9 200 Series' (P:0 D:0)
[2017.05.18-16.32.53:058][  0]LogWindows:    5. 'AMD Radeon R9 200 Series' (P:0 D:0)
[2017.05.18-16.32.53:058][  0]LogWindows: DebugString: FoundDriverCount:6 
[2017.05.18-16.32.53:058][  0]LogD3D11RHI:     Adapter Name: AMD Radeon R9 200 Series
[2017.05.18-16.32.53:058][  0]LogD3D11RHI:   Driver Version: Crimson ReLive 17.1.1 (internal:22.19.162.4, unified:22.19.162.4)
[2017.05.18-16.32.53:058][  0]LogD3D11RHI:      Driver Date: 4-24-2017
[2017.05.18-16.32.53:058][  0]LogRHI: Texture pool is 1361 MB (70% of 1945 MB)
[2017.05.18-16.32.53:122][  0]LogD3D11RHI: Async texture creation enabled
[2017.05.18-16.32.53:552][  0]LogD3D11RHI: GPU Timing Frequency: 27.000000 (Debug: 2 1)
[2017.05.18-16.32.53:628][  0]LogShaderCompilers: Guid format shader working directory is -2 characters bigger than the processId version (../../../../../../Software/UE4/ThirdPersonProject/Intermediate/Shaders/WorkingDirectory/71688/).
[2017.05.18-16.32.53:628][  0]LogShaderCompilers: Cleaned the shader compiler working directory 'C:/Users/Stephen/AppData/Local/Temp/UnrealShaderWorkingDir/27423FC744F7D37FE1FA95BC23BC70C1/'.
[2017.05.18-16.32.53:628][  0]LogShaderCompilers:Display: Using Local Shader Compiler.
[2017.05.18-16.32.59:022][  0]LogTemp:Display: Loaded TP AllDesktopTargetPlatform
[2017.05.18-16.32.59:103][  0]LogTemp:Display: Loaded TP MacClientTargetPlatform
[2017.05.18-16.32.59:139][  0]LogTemp:Display: Loaded TP MacNoEditorTargetPlatform
[2017.05.18-16.32.59:172][  0]LogTemp:Display: Loaded TP MacServerTargetPlatform
[2017.05.18-16.32.59:228][  0]LogTemp:Display: Loaded TP MacTargetPlatform
[2017.05.18-16.32.59:262][  0]LogTemp:Display: Loaded TP WindowsClientTargetPlatform
[2017.05.18-16.32.59:297][  0]LogTemp:Display: Loaded TP WindowsNoEditorTargetPlatform
[2017.05.18-16.32.59:333][  0]LogTemp:Display: Loaded TP WindowsServerTargetPlatform
[2017.05.18-16.32.59:359][  0]LogTemp:Display: Loaded TP WindowsTargetPlatform
[2017.05.18-16.32.59:410][  0]LogTemp:Display: Loaded TP AndroidTargetPlatform
[2017.05.18-16.32.59:460][  0]LogTemp:Display: Loaded TP Android_ASTCTargetPlatform
[2017.05.18-16.32.59:494][  0]LogTemp:Display: Loaded TP Android_ATCTargetPlatform
[2017.05.18-16.32.59:530][  0]LogTemp:Display: Loaded TP Android_DXTTargetPlatform
[2017.05.18-16.32.59:568][  0]LogTemp:Display: Loaded TP Android_ETC1TargetPlatform
[2017.05.18-16.32.59:603][  0]LogTemp:Display: Loaded TP Android_ETC2TargetPlatform
[2017.05.18-16.32.59:687][  0]LogTemp:Display: Loaded TP Android_MultiTargetPlatform
[2017.05.18-16.32.59:687][  0]LogTemp:Display: Loaded TP Android_PVRTCTargetPlatform
[2017.05.18-16.32.59:709][  0]LogTemp:Display: Loaded TP HTML5TargetPlatform
[2017.05.18-16.33.00:052][  0]LogTemp:Display: Loaded TP IOSTargetPlatform
[2017.05.18-16.33.00:076][  0]LogTemp:Display: Loaded TP TVOSTargetPlatform
[2017.05.18-16.33.00:112][  0]LogTemp:Display: Loaded TP LinuxClientTargetPlatform
[2017.05.18-16.33.00:149][  0]LogTemp:Display: Loaded TP LinuxNoEditorTargetPlatform
[2017.05.18-16.33.00:185][  0]LogTemp:Display: Loaded TP LinuxServerTargetPlatform
[2017.05.18-16.33.00:275][  0]LogTemp:Display: Loaded TP LinuxTargetPlatform
[2017.05.18-16.33.00:275][  0]LogTargetPlatformManager:Display: Building Assets For Windows
[2017.05.18-16.33.01:938][  0]LogDerivedDataCache:Display: Max Cache Size: 512 MB
[2017.05.18-16.33.02:174][  0]LogDerivedDataCache: Loaded boot cache 0.24s 50MB C:/Users/Stephen/AppData/Local/UnrealEngine/4.15/DerivedDataCache/Boot.ddc.
[2017.05.18-16.33.02:174][  0]LogDerivedDataCache:Display: Loaded Boot cache: C:/Users/Stephen/AppData/Local/UnrealEngine/4.15/DerivedDataCache/Boot.ddc
[2017.05.18-16.33.02:174][  0]LogDerivedDataCache: FDerivedDataBackendGraph:  Pak pak cache file ../../../../../../Software/UE4/ThirdPersonProject/DerivedDataCache/DDC.ddp not found, will not use a pak cache.
[2017.05.18-16.33.02:174][  0]LogDerivedDataCache: Unable to find inner node Pak for hierarchical cache Hierarchy.
[2017.05.18-16.33.02:174][  0]LogDerivedDataCache: FDerivedDataBackendGraph:  CompressedPak pak cache file ../../../../../../Software/UE4/ThirdPersonProject/DerivedDataCache/Compressed.ddp not found, will not use a pak cache.
[2017.05.18-16.33.02:174][  0]LogDerivedDataCache: Unable to find inner node CompressedPak for hierarchical cache Hierarchy.
[2017.05.18-16.33.02:244][  0]LogDerivedDataCache:Display: Pak cache opened for reading ../../../Engine/DerivedDataCache/Compressed.ddp.
[2017.05.18-16.33.02:256][  0]LogDerivedDataCache: Using Local data cache path C:/Users/Stephen/AppData/Local/UnrealEngine/Common/DerivedDataCache: Writable
[2017.05.18-16.33.02:463][  0]LogSlate: Using Freetype 2.6.0
[2017.05.18-16.33.02:673][  0]LogSlate: SlateFontCache - WITH_FREETYPE: 1, WITH_HARFBUZZ: 1
[2017.05.18-16.33.02:673][  0]LogSlate: SlateFontCache - WITH_FREETYPE: 1, WITH_HARFBUZZ: 1
[2017.05.18-16.33.17:160][  0]LogInit: Selected Device Profile: [Windows]
[2017.05.18-16.33.17:251][  0]LogContentStreaming: Texture pool size is 0.00 MB
[2017.05.18-16.33.18:388][  0]LogMeshUtilities: Using QuadricMeshReduction for automatic static mesh reduction
[2017.05.18-16.33.18:455][  0]LogSimplygon: Simplygon DLL not present - disabling.
[2017.05.18-16.33.18:505][  0]LogMeshUtilities: Using SimplygonSwarm for distributed automatic mesh merging
[2017.05.18-16.33.18:505][  0]LogMeshUtilities: No automatic skeletal mesh reduction module available
[2017.05.18-16.33.18:505][  0]LogMeshUtilities: No automatic mesh merging module available
[2017.05.18-16.33.30:853][  0]LogNetVersion: GetLocalNetworkVersion: CL: 3299760, ProjectName: thirdpersonproject, ProjectVersion: , EngineNetworkVersion: 2, GameNetworkVersion: 0, NetworkChecksum: 4086958802
[2017.05.18-16.33.31:543][  0]LogAssetRegistry: FAssetRegistry took 0.0484 seconds to start up
[2017.05.18-16.33.32:365][  0]LogPackageLocalizationCache: Processed 3 localized package path(s) for 2 prioritized culture(s) in 0.530288 seconds
[2017.05.18-16.33.32:416][  0]LogUObjectArray: 32493 objects as part of root set at end of initial load.
[2017.05.18-16.33.32:416][  0]LogUObjectAllocator: 7077032 out of 0 bytes used by permanent object pool.
[2017.05.18-16.33.32:416][  0]LogUObjectArray: CloseDisregardForGC: 0/0 objects in disregard for GC pool
[2017.05.18-16.33.32:669][  0]LogInit: WinSock: version 1.1 (2.2), MaxSocks=32767, MaxUdp=65467
[2017.05.18-16.34.57:304][  0]LogTcpMessaging: Initializing TcpMessaging bridge
[2017.05.18-16.34.57:421][  0]LogUdpMessaging: Initializing bridge on interface 0.0.0.0:0 to multicast group 230.0.0.1:6666.
[2017.05.18-16.35.03:829][  0]LogMaterial: Uniform references updated for custom material expression Custom.
[2017.05.18-16.35.06:918][  0]SourceControl: Info Source control is disabled
[2017.05.18-16.35.06:920][  0]SourceControl: Info Source control is disabled
[2017.05.18-16.35.07:003][  0]SourceControl: Info Source control is disabled
[2017.05.18-16.35.07:223][  0]SourceControl: Info Source control is disabled
[2017.05.18-16.35.16:637][  0]LogEngine: Initializing Engine...
[2017.05.18-16.35.16:674][  0]LogHMD: Failed to initialize OpenVR with code 110
[2017.05.18-16.35.22:237][  0]LogAIModule: Creating AISystem for world Untitled
[2017.05.18-16.35.22:865][  0]LogInit: XAudio2 using 'Speakers (Realtek High Definition Audio)' : 2 channels at 48 kHz using 32 bits per sample (channel mask 0x3)
[2017.05.18-16.35.22:957][  0]LogInit: FAudioDevice initialized.
[2017.05.18-16.35.22:982][  0]LogDerivedDataCache: Saved boot cache 0.02s 50MB C:/Users/Stephen/AppData/Local/UnrealEngine/4.15/DerivedDataCache/Boot.ddc.
[2017.05.18-16.35.23:033][  0]LogInit: Texture streaming: Enabled
[2017.05.18-16.35.23:708][  0]LogEngineSessionManager: EngineSessionManager initialized
[2017.05.18-16.35.24:477][  0]LogInit: Transaction tracking system initialized
[2017.05.18-16.35.27:120][  0]BlueprintLog: New page: Editor Load
[2017.05.18-16.35.32:043][  0]LocalizationService: Info Localization service is disabled
[2017.05.18-16.35.34:786][  0]LogConsoleResponse:Display: 
[2017.05.18-16.35.40:320][  0]LogFileCache: Scanning file cache for directory 'D:/Software/UE4/ThirdPersonProject/Content/' took 0.08s
[2017.05.18-16.35.40:320][  0]LogCook:Display: Max memory allowance for cook 16384mb min free memory 0mb
[2017.05.18-16.35.40:333][  0]LogCook:Display: Mobile HDR setting 1
[2017.05.18-16.35.51:786][  0]SourceControl: Info Source control is disabled
[2017.05.18-16.35.52:217][  0]Cmd: MAP LOAD FILE="../../../../../../Software/UE4/ThirdPersonProject/Content/StarterContent/Maps/Minimal_Default.umap" TEMPLATE=0 SHOWPROGRESS=1 FEATURELEVEL=3
[2017.05.18-16.35.52:273][  0]LightingResults: New page: Lighting Build
[2017.05.18-16.35.54:084][  0]MapCheck: New page: Map Check
[2017.05.18-16.35.54:084][  0]LightingResults: New page: Lighting Build
[2017.05.18-16.36.08:746][  0]LogAIModule: Creating AISystem for world Minimal_Default
[2017.05.18-16.36.14:346][  0]LogEditorServer: Finished looking for orphan Actors (0.000 secs)
[2017.05.18-16.36.15:060][  0]Cmd: MAP CHECKDEP NOCLEARLOG
[2017.05.18-16.36.15:325][  0]MapCheck: Info Map check complete: 0 Error(s), 0 Warning(s), took 265.076ms to complete.
[2017.05.18-16.36.15:402][  0]LogFileHelpers: Loading map 'Minimal_Default' took 23.422
[2017.05.18-16.36.22:323][  0]LogCollectionManager: Loaded 0 collections in 0.007210 seconds
[2017.05.18-16.36.23:733][  0]LogFileCache: Scanning file cache for directory 'D:/Software/UE4/ThirdPersonProject/Saved/Collections/' took 0.01s
[2017.05.18-16.36.23:733][  0]LogFileCache: Scanning file cache for directory 'D:/Software/UE4/ThirdPersonProject/Content/Developers/Stephen/Collections/' took 0.01s
[2017.05.18-16.36.23:733][  0]LogFileCache: Scanning file cache for directory 'D:/Software/UE4/ThirdPersonProject/Content/Collections/' took 0.01s
[2017.05.18-16.36.23:733][  0]LogCollectionManager: Rebuilt the GUID cache for 0 collections in 0.000002 seconds
[2017.05.18-16.36.23:912][  0]LogContentBrowser: Native class hierarchy populated in 0.0703 seconds. Added 2245 classes and 453 folders.
[2017.05.18-16.36.24:509][  0]LogStats: UGameplayTagsManager::ConstructGameplayTagTree: Construct from data asset -  0.041 s
[2017.05.18-16.36.24:560][  0]LogStats: UGameplayTagsManager::ConstructGameplayTagTree: GameplayTagTreeChangedEvent.Broadcast -  0.030 s
[2017.05.18-16.36.24:799][  0]LogContentBrowser: Native class hierarchy updated for 'WidgetCarousel' in 0.0007 seconds. Added 0 classes and 0 folders.
[2017.05.18-16.36.34:440][  0]LogContentBrowser: Native class hierarchy updated for 'AddContentDialog' in 0.0021 seconds. Added 0 classes and 0 folders.
[2017.05.18-16.36.36:025][  0]LogContentBrowser: Native class hierarchy updated for 'SceneOutliner' in 0.0011 seconds. Added 1 classes and 2 folders.
[2017.05.18-16.36.40:715][  0]LogCrashTracker: Crashtracker disabled due to settings.
[2017.05.18-16.36.41:792][  0]LogUObjectGlobals:Warning: Failed to find object 'Class None.'
[2017.05.18-16.36.42:491][  0]LogContentBrowser: Native class hierarchy updated for 'HierarchicalLODOutliner' in 0.0018 seconds. Added 1 classes and 2 folders.
[2017.05.18-16.36.42:491][  0]LogLoad: (Engine Initialization) Total time: 273.79 seconds
[2017.05.18-16.36.42:491][  0]LogLoad: (Engine Initialization) Total Blueprint compile time: 1.85 seconds
[2017.05.18-16.36.42:491][  0]LogExternalProfiler: Found external profiler: VSPerf
[2017.05.18-16.36.42:491][  0]LogExternalProfiler: Using external profiler: VSPerf
[2017.05.18-16.36.43:103][  0]LogOcInput: OculusInput pre-init called
[2017.05.18-16.36.44:965][  0]LogContentStreaming: Texture pool size now 1000 MB
[2017.05.18-16.36.46:040][  0]LogSlate: Took 0.511108 seconds to synchronously load lazily loaded font '../../../Engine/Content/Slate/Fonts/Roboto-Regular.ttf' (155K)
[2017.05.18-16.36.46:127][  0]LogSlate: Took 0.027461 seconds to synchronously load lazily loaded font '../../../Engine/Content/Slate/Fonts/Roboto-Bold.ttf' (160K)
[2017.05.18-16.36.46:158][  0]LogSlate: Took 0.026095 seconds to synchronously load lazily loaded font '../../../Engine/Content/Editor/Slate/Fonts/FontAwesome.ttf' (139K)
[2017.05.18-16.36.51:925][  0]LogRenderer: Reallocating scene render targets to support 1072x964 NumSamples 1 (Frame:2).
[2017.05.18-16.36.54:541][  1]LogSlate: Took 0.026547 seconds to synchronously load lazily loaded font '../../../Engine/Content/Slate/Fonts/Roboto-Light.ttf' (159K)
[2017.05.18-16.36.55:517][  2]LogSlate: Took 0.000388 seconds to synchronously load lazily loaded font '../../../Engine/Content/Slate/Fonts/Roboto-Light.ttf' (159K)
[2017.05.18-16.36.55:957][  4]LogAssetRegistry: Asset discovery search completed in 204.4349 seconds
[2017.05.18-16.36.56:002][  4]LogCollectionManager: Rebuilt the object cache for 0 collections in 0.031394 seconds (found 0 objects)
[2017.05.18-16.36.56:002][  4]LogCollectionManager: Fixed up redirectors for 0 collections in 0.045658 seconds (updated 0 objects)
[2017.05.18-16.55.54:118][637]Cmd: QUIT_EDITOR
[2017.05.18-16.55.54:657][637]LogExit: Preparing to exit.
[2017.05.18-16.55.55:345][637]LogDirectoryWatcher: A directory notification for 'D:/Software/UE4/ThirdPersonProject/Content/' was aborted.
[2017.05.18-16.55.55:534][637]LogExit: Editor shut down
[2017.05.18-16.55.55:535][637]LogExit: Transaction tracking system shut down
[2017.05.18-16.55.57:139][637]LogObj: Freed 0b from 0 cluster array pools.
[2017.05.18-16.55.57:139][637]LogExit: Object subsystem successfully closed.
[2017.05.18-16.55.57:364][637]LogD3D11RHI: Shutdown
[2017.05.18-16.55.57:364][637]LogD3D11RHI: CleanupD3DDevice
[2017.05.18-16.55.57:513][637]LogD3D11RHI: ~FD3D11DynamicRHI
[2017.05.18-16.56.00:070][637]LogModuleManager: Shutting down and abandoning module HierarchicalLODOutliner (498)
[2017.05.18-16.56.00:076][637]LogModuleManager: Shutting down and abandoning module CrashTracker (496)
[2017.05.18-16.56.00:076][637]LogModuleManager: Shutting down and abandoning module SceneOutliner (494)
[2017.05.18-16.56.00:076][637]LogModuleManager: Shutting down and abandoning module AddContentDialog (492)
[2017.05.18-16.56.00:103][637]LogDirectoryWatcher: A directory notification for 'D:/Games/Epic Games/UE_4.15/FeaturePacks/' was aborted.
[2017.05.18-16.56.00:113][637]LogModuleManager: Shutting down and abandoning module WidgetCarousel (491)
[2017.05.18-16.56.00:113][637]LogModuleManager: Shutting down and abandoning module EditorWidgets (488)
[2017.05.18-16.56.00:113][637]LogModuleManager: Shutting down and abandoning module CollectionManager (486)
[2017.05.18-16.56.00:131][637]LogDirectoryWatcher: A directory notification for 'D:/Software/UE4/ThirdPersonProject/Content/Collections/' was aborted.
[2017.05.18-16.56.00:131][637]LogDirectoryWatcher: A directory notification for 'D:/Software/UE4/ThirdPersonProject/Content/Developers/Stephen/Collections/' was aborted.
[2017.05.18-16.56.00:131][637]LogDirectoryWatcher: A directory notification for 'D:/Software/UE4/ThirdPersonProject/Saved/Collections/' was aborted.
[2017.05.18-16.56.00:131][637]LogModuleManager: Shutting down and abandoning module StatsViewer (484)
[2017.05.18-16.56.00:150][637]LogModuleManager: Shutting down and abandoning module FoliageEdit (482)
[2017.05.18-16.56.00:154][637]LogModuleManager: Shutting down and abandoning module LandscapeEditor (480)
[2017.05.18-16.56.00:178][637]LogModuleManager: Shutting down and abandoning module SceneDepthPickerMode (478)
[2017.05.18-16.56.00:178][637]LogModuleManager: Shutting down and abandoning module ActorPickerMode (476)
[2017.05.18-16.56.00:178][637]LogModuleManager: Shutting down and abandoning module GeometryMode (474)
[2017.05.18-16.56.00:178][637]LogModuleManager: Shutting down and abandoning module TextureAlignMode (472)
[2017.05.18-16.56.00:178][637]LogModuleManager: Shutting down and abandoning module BspMode (470)
[2017.05.18-16.56.00:194][637]LogModuleManager: Shutting down and abandoning module HardwareSurvey (468)
[2017.05.18-16.56.00:205][637]LogModuleManager: Shutting down and abandoning module SequenceRecorderSections (466)
[2017.05.18-16.56.00:212][637]LogModuleManager: Shutting down and abandoning module AutomationWorker (464)
[2017.05.18-16.56.00:230][637]LogModuleManager: Shutting down and abandoning module MatineeToLevelSequence (462)
[2017.05.18-16.56.00:246][637]LogModuleManager: Shutting down and abandoning module LevelSequenceEditor (460)
[2017.05.18-16.56.00:291][637]LogModuleManager: Shutting down and abandoning module PlacementMode (459)
[2017.05.18-16.56.00:291][637]LogModuleManager: Shutting down and abandoning module WmfMediaFactory (456)
[2017.05.18-16.56.00:291][637]LogModuleManager: Shutting down and abandoning module WmfMediaEditor (454)
[2017.05.18-16.56.00:292][637]LogModuleManager: Shutting down and abandoning module MfMediaFactory (452)
[2017.05.18-16.56.00:292][637]LogModuleManager: Shutting down and abandoning module MfMediaEditor (450)
[2017.05.18-16.56.00:292][637]LogModuleManager: Shutting down and abandoning module AvfMediaFactory (448)
[2017.05.18-16.56.00:292][637]LogModuleManager: Shutting down and abandoning module AvfMediaEditor (446)
[2017.05.18-16.56.00:292][637]LogModuleManager: Shutting down and abandoning module AndroidMediaFactory (444)
[2017.05.18-16.56.00:292][637]LogModuleManager: Shutting down and abandoning module Media (443)
[2017.05.18-16.56.00:292][637]LogModuleManager: Shutting down and abandoning module AndroidMediaEditor (440)
[2017.05.18-16.56.00:292][637]LogModuleManager: Shutting down and abandoning module CharacterAI (438)
[2017.05.18-16.56.00:292][637]LogModuleManager: Shutting down and abandoning module AudioCapture (436)
[2017.05.18-16.56.00:309][637]LogModuleManager: Shutting down and abandoning module SequenceRecorder (435)
[2017.05.18-16.56.00:369][637]LogModuleManager: Shutting down and abandoning module SmartSnapping (432)
[2017.05.18-16.56.00:369][637]LogModuleManager: Shutting down and abandoning module SessionServices (430)
[2017.05.18-16.56.00:369][637]LogModuleManager: Shutting down and abandoning module ViewportSnapping (428)
[2017.05.18-16.56.00:369][637]LogModuleManager: Shutting down and abandoning module ViewportInteraction (426)
[2017.05.18-16.56.00:369][637]LogModuleManager: Shutting down and abandoning module LogVisualizer (424)
[2017.05.18-16.56.00:388][637]LogModuleManager: Shutting down and abandoning module IntroTutorials (422)
[2017.05.18-16.56.00:394][637]LogModuleManager: Shutting down and abandoning module GameProjectGeneration (421)
[2017.05.18-16.56.00:416][637]LogModuleManager: Shutting down and abandoning module EditorLiveStreaming (418)
[2017.05.18-16.56.00:416][637]LogModuleManager: Shutting down and abandoning module IOSPlatformEditor (416)
[2017.05.18-16.56.00:416][637]LogModuleManager: Shutting down and abandoning module HTML5PlatformEditor (414)
[2017.05.18-16.56.00:416][637]LogModuleManager: Shutting down and abandoning module AndroidPlatformEditor (412)
[2017.05.18-16.56.00:426][637]LogModuleManager: Shutting down and abandoning module AndroidDeviceDetection (411)
[2017.05.18-16.56.01:365][637]LogModuleManager: Shutting down and abandoning module IOSRuntimeSettings (408)
[2017.05.18-16.56.01:365][637]LogModuleManager: Shutting down and abandoning module AndroidRuntimeSettings (406)
[2017.05.18-16.56.01:365][637]LogModuleManager: Shutting down and abandoning module InputBindingEditor (404)
[2017.05.18-16.56.01:379][637]LogModuleManager: Shutting down and abandoning module NiagaraEditor (402)
[2017.05.18-16.56.01:399][637]LogModuleManager: Shutting down and abandoning module MergeActors (400)
[2017.05.18-16.56.01:418][637]LogModuleManager: Shutting down and abandoning module SizeMap (398)
[2017.05.18-16.56.01:431][637]LogModuleManager: Shutting down and abandoning module TreeMap (396)
[2017.05.18-16.56.01:437][637]LogModuleManager: Shutting down and abandoning module ReferenceViewer (394)
[2017.05.18-16.56.01:437][637]LogModuleManager: Shutting down and abandoning module LocalizationDashboard (392)
[2017.05.18-16.56.01:449][637]LogModuleManager: Shutting down and abandoning module LocalizationService (391)
[2017.05.18-16.56.01:465][637]LogModuleManager: Shutting down and abandoning module HardwareTargeting (388)
[2017.05.18-16.56.01:472][637]LogModuleManager: Shutting down and abandoning module DeviceProfileEditor (386)
[2017.05.18-16.56.01:482][637]LogModuleManager: Shutting down and abandoning module UndoHistory (384)
[2017.05.18-16.56.01:495][637]LogModuleManager: Shutting down and abandoning module UserFeedback (382)
[2017.05.18-16.56.01:495][637]LogModuleManager: Shutting down and abandoning module XmlParser (380)
[2017.05.18-16.56.01:508][637]LogModuleManager: Shutting down and abandoning module Blutility (378)
[2017.05.18-16.56.01:522][637]LogModuleManager: Shutting down and abandoning module ProjectSettingsViewer (376)
[2017.05.18-16.56.01:522][637]LogModuleManager: Shutting down and abandoning module ProjectTargetPlatformEditor (375)
[2017.05.18-16.56.01:522][637]LogModuleManager: Shutting down and abandoning module EditorSettingsViewer (372)
[2017.05.18-16.56.01:522][637]LogModuleManager: Shutting down and abandoning module SettingsEditor (370)
[2017.05.18-16.56.01:546][637]LogModuleManager: Shutting down and abandoning module ProjectLauncher (368)
[2017.05.18-16.56.01:561][637]LogModuleManager: Shutting down and abandoning module SessionFrontend (366)
[2017.05.18-16.56.01:570][637]LogModuleManager: Shutting down and abandoning module ProfilerClient (364)
[2017.05.18-16.56.01:602][637]LogModuleManager: Shutting down and abandoning module DeviceManager (362)
[2017.05.18-16.56.01:618][637]LogModuleManager: Shutting down and abandoning module TargetDeviceServices (361)
[2017.05.18-16.56.01:683][637]LogModuleManager: Shutting down and abandoning module AutomationController (358)
[2017.05.18-16.56.01:726][637]LogModuleManager: Shutting down and abandoning module AutomationWindow (356)
[2017.05.18-16.56.01:744][637]LogModuleManager: Shutting down and abandoning module Layers (354)
[2017.05.18-16.56.01:760][637]LogModuleManager: Shutting down and abandoning module ComponentVisualizers (352)
[2017.05.18-16.56.01:760][637]LogModuleManager: Shutting down and abandoning module DetailCustomizations (350)
[2017.05.18-16.56.01:769][637]LogModuleManager: Shutting down and abandoning module PackagesDialog (348)
[2017.05.18-16.56.01:795][637]LogModuleManager: Shutting down and abandoning module Persona (346)
[2017.05.18-16.56.01:817][637]LogModuleManager: Shutting down and abandoning module AnimGraph (345)
[2017.05.18-16.56.01:817][637]LogModuleManager: Shutting down and abandoning module Kismet (342)
[2017.05.18-16.56.01:851][637]LogModuleManager: Shutting down and abandoning module GraphEditor (340)
[2017.05.18-16.56.01:901][637]LogModuleManager: Shutting down and abandoning module ClassViewer (338)
[2017.05.18-16.56.01:913][637]LogModuleManager: Shutting down and abandoning module Toolbox (336)
[2017.05.18-16.56.01:933][637]LogModuleManager: Shutting down and abandoning module ModuleUI (334)
[2017.05.18-16.56.01:962][637]LogModuleManager: Shutting down and abandoning module MovieSceneTools (332)
[2017.05.18-16.56.01:978][637]LogModuleManager: Shutting down and abandoning module OutputLog (330)
[2017.05.18-16.56.01:991][637]LogModuleManager: Shutting down and abandoning module GammaUI (328)
[2017.05.18-16.56.02:002][637]LogModuleManager: Shutting down and abandoning module Documentation (326)
[2017.05.18-16.56.02:002][637]LogModuleManager: Shutting down and abandoning module Niagara (324)
[2017.05.18-16.56.02:002][637]LogModuleManager: Shutting down and abandoning module StreamingPauseRendering (322)
[2017.05.18-16.56.02:002][637]LogModuleManager: Shutting down and abandoning module AnalyticsET (320)
[2017.05.18-16.56.02:002][637]LogModuleManager: Shutting down and abandoning module PortalServices (318)
[2017.05.18-16.56.02:002][637]LogModuleManager: Shutting down and abandoning module PortalRpc (316)
[2017.05.18-16.56.02:002][637]LogModuleManager: Shutting down and abandoning module MessagingRpc (314)
[2017.05.18-16.56.02:002][637]LogModuleManager: Shutting down and abandoning module AIModule (312)
[2017.05.18-16.56.02:002][637]LogModuleManager: Shutting down and abandoning module GameplayDebugger (311)
[2017.05.18-16.56.02:007][637]LogModuleManager: Shutting down and abandoning module AITestSuite (309)
[2017.05.18-16.56.02:007][637]LogModuleManager: Shutting down and abandoning module ProfilerService (306)
[2017.05.18-16.56.02:235][637]LogModuleManager: Shutting down and abandoning module TaskGraph (304)
[2017.05.18-16.56.02:257][637]LogModuleManager: Shutting down and abandoning module SteamVRController (302)
[2017.05.18-16.56.02:257][637]LogModuleManager: Shutting down and abandoning module SteamVR (300)
[2017.05.18-16.56.02:257][637]LogModuleManager: Shutting down and abandoning module ProceduralMeshComponentEditor (298)
[2017.05.18-16.56.02:257][637]LogModuleManager: Shutting down and abandoning module ProceduralMeshComponent (296)
[2017.05.18-16.56.02:265][637]LogModuleManager: Shutting down and abandoning module OculusLibrary (294)
[2017.05.18-16.56.02:265][637]LogModuleManager: Shutting down and abandoning module OculusInput (292)
[2017.05.18-16.56.02:265][637]LogModuleManager: Shutting down and abandoning module MobilePatchingUtils (290)
[2017.05.18-16.56.02:265][637]LogModuleManager: Shutting down and abandoning module CustomMeshComponent (288)
[2017.05.18-16.56.02:265][637]LogModuleManager: Shutting down and abandoning module CableComponent (286)
[2017.05.18-16.56.02:278][637]LogModuleManager: Shutting down and abandoning module ArchVisCharacter (284)
[2017.05.18-16.56.02:278][637]LogModuleManager: Shutting down and abandoning module MediaPlayerEditor (280)
[2017.05.18-16.56.02:317][637]LogModuleManager: Shutting down and abandoning module HTML5Networking (278)
[2017.05.18-16.56.02:317][637]LogModuleManager: Shutting down and abandoning module AlembicImporter (276)
[2017.05.18-16.56.02:325][637]LogModuleManager: Shutting down and abandoning module AlembicLibrary (275)
[2017.05.18-16.56.02:325][637]LogModuleManager: Shutting down and abandoning module GeometryCache (274)
[2017.05.18-16.56.02:332][637]LogModuleManager: Shutting down and abandoning module GeometryCacheEd (273)
[2017.05.18-16.56.02:332][637]LogModuleManager: Shutting down and abandoning module SuperSearchEditor (268)
[2017.05.18-16.56.02:332][637]LogModuleManager: Shutting down and abandoning module SuperSearch (267)
[2017.05.18-16.56.02:332][637]LogModuleManager: Shutting down and abandoning module SpeedTreeImporter (264)
[2017.05.18-16.56.02:332][637]LogModuleManager: Shutting down and abandoning module PluginBrowser (262)
[2017.05.18-16.56.02:360][637]LogModuleManager: Shutting down and abandoning module MobileLauncherProfileWizard (260)
[2017.05.18-16.56.02:369][637]LogModuleManager: Shutting down and abandoning module EpicSurvey (258)
[2017.05.18-16.56.02:369][637]LogModuleManager: Shutting down and abandoning module VisualStudioSourceCodeAccess (256)
[2017.05.18-16.56.02:369][637]LogModuleManager: Shutting down and abandoning module DesktopPlatform (255)
[2017.05.18-16.56.02:369][637]LogModuleManager: Shutting down and abandoning module UObjectPlugin (252)
[2017.05.18-16.56.02:369][637]LogModuleManager: Shutting down and abandoning module SubversionSourceControl (250)
[2017.05.18-16.56.02:376][637]LogModuleManager: Shutting down and abandoning module PerforceSourceControl (248)
[2017.05.18-16.56.02:399][637]LogModuleManager: Shutting down and abandoning module GitSourceControl (246)
[2017.05.18-16.56.02:418][637]LogModuleManager: Shutting down and abandoning module SourceControl (245)
[2017.05.18-16.56.02:436][637]LogModuleManager: Shutting down and abandoning module LightPropagationVolumeEditor (242)
[2017.05.18-16.56.02:436][637]LogModuleManager: Shutting down and abandoning module PaperTiledImporter (240)
[2017.05.18-16.56.02:436][637]LogModuleManager: Shutting down and abandoning module PaperSpriteSheetImporter (238)
[2017.05.18-16.56.02:436][637]LogModuleManager: Shutting down and abandoning module Paper2DEditor (236)
[2017.05.18-16.56.02:462][637]LogModuleManager: Shutting down and abandoning module MeshPaint (235)
[2017.05.18-16.56.02:472][637]LogModuleManager: Shutting down and abandoning module LevelEditor (233)
[2017.05.18-16.56.02:497][637]LogModuleManager: Shutting down and abandoning module PixelInspectorModule (232)
[2017.05.18-16.56.02:519][637]LogModuleManager: Shutting down and abandoning module MainFrame (230)
[2017.05.18-16.56.02:519][637]LogModuleManager: Shutting down and abandoning module HotReload (229)
[2017.05.18-16.56.02:545][637]LogModuleManager: Shutting down and abandoning module ContentBrowser (225)
[2017.05.18-16.56.02:547][637]LogModuleManager: Shutting down and abandoning module PhysXVehiclesEditor (222)
[2017.05.18-16.56.02:563][637]LogModuleManager: Shutting down and abandoning module PhysXVehicles (220)
[2017.05.18-16.56.02:563][637]LogModuleManager: Shutting down and abandoning module LocationServicesBPLibrary (218)
[2017.05.18-16.56.02:563][637]LogModuleManager: Shutting down and abandoning module UdpMessaging (216)
[2017.05.18-16.56.02:663][637]LogModuleManager: Shutting down and abandoning module TcpMessaging (214)
[2017.05.18-16.56.02:777][637]LogModuleManager: Shutting down and abandoning module GameplayTagsEditor (212)
[2017.05.18-16.56.02:794][637]LogModuleManager: Shutting down and abandoning module FacialAnimationEditor (210)
[2017.05.18-16.56.02:821][637]LogModuleManager: Shutting down and abandoning module FacialAnimation (208)
[2017.05.18-16.56.02:821][637]LogModuleManager: Shutting down and abandoning module LightPropagationVolumeRuntime (206)
[2017.05.18-16.56.02:821][637]LogModuleManager: Shutting down and abandoning module Paper2D (204)
[2017.05.18-16.56.02:829][637]LogModuleManager: Shutting down and abandoning module WindowsMoviePlayer (202)
[2017.05.18-16.56.02:845][637]LogModuleManager: Shutting down and abandoning module WmfMedia (200)
[2017.05.18-16.56.02:876][637]LogModuleManager: Shutting down and abandoning module MfMedia (198)
[2017.05.18-16.56.02:876][637]LogModuleManager: Shutting down and abandoning module MediaAssets (196)
[2017.05.18-16.56.02:876][637]LogModuleManager: Shutting down and abandoning module GameLiveStreaming (194)
[2017.05.18-16.56.02:892][637]LogModuleManager: Shutting down and abandoning module VREditor (192)
[2017.05.18-16.56.02:892][637]LogModuleManager: Shutting down and abandoning module GameplayTasksEditor (190)
[2017.05.18-16.56.02:892][637]LogModuleManager: Shutting down and abandoning module BehaviorTreeEditor (188)
[2017.05.18-16.56.02:909][637]LogModuleManager: Shutting down and abandoning module FunctionalTesting (186)
[2017.05.18-16.56.02:918][637]LogModuleManager: Shutting down and abandoning module CollisionAnalyzer (184)
[2017.05.18-16.56.02:928][637]LogModuleManager: Shutting down and abandoning module UMG (182)
[2017.05.18-16.56.02:947][637]LogModuleManager: Shutting down and abandoning module UMGEditor (181)
[2017.05.18-16.56.02:978][637]LogModuleManager: Shutting down and abandoning module Sequencer (180)
[2017.05.18-16.56.02:995][637]LogModuleManager: Shutting down and abandoning module AssetTools (178)
[2017.05.18-16.56.03:043][637]LogModuleManager: Shutting down and abandoning module MessageLog (177)
[2017.05.18-16.56.03:049][637]LogModuleManager: Shutting down and abandoning module WorkspaceMenuStructure (176)
[2017.05.18-16.56.03:049][637]LogModuleManager: Shutting down and abandoning module SlateReflector (170)
[2017.05.18-16.56.03:068][637]LogModuleManager: Shutting down and abandoning module Slate (168)
[2017.05.18-16.56.03:068][637]LogModuleManager: Shutting down and abandoning module EditorStyle (166)
[2017.05.18-16.56.03:116][637]LogModuleManager: Shutting down and abandoning module SourceCodeAccess (164)
[2017.05.18-16.56.03:129][637]LogModuleManager: Shutting down and abandoning module HeadMountedDisplay (162)
[2017.05.18-16.56.03:129][637]LogModuleManager: Shutting down and abandoning module XAudio2 (160)
[2017.05.18-16.56.03:129][637]LogModuleManager: Shutting down and abandoning module Networking (158)
[2017.05.18-16.56.03:129][637]LogModuleManager: Shutting down and abandoning module Core (154)
[2017.05.18-16.56.03:129][637]LogModuleManager: Shutting down and abandoning module AssetRegistry (152)
[2017.05.18-16.56.03:365][637]LogDirectoryWatcher: A directory notification for '../../../Engine/Content/' was aborted.
[2017.05.18-16.56.03:365][637]LogDirectoryWatcher: A directory notification for '../../../../../../Software/UE4/ThirdPersonProject/Content/' was aborted.
[2017.05.18-16.56.03:365][637]LogDirectoryWatcher: A directory notification for '../../../Engine/Plugins/2D/Paper2D/Content/' was aborted.
[2017.05.18-16.56.03:377][637]LogModuleManager: Shutting down and abandoning module DirectoryWatcher (151)
[2017.05.18-16.56.03:381][637]LogModuleManager: Shutting down and abandoning module KismetCompiler (148)
[2017.05.18-16.56.03:381][637]LogModuleManager: Shutting down and abandoning module PhysXFormats (146)
[2017.05.18-16.56.03:381][637]LogModuleManager: Shutting down and abandoning module MeshUtilities (144)
[2017.05.18-16.56.03:412][637]LogModuleManager: Shutting down and abandoning module SimplygonSwarm (143)
[2017.05.18-16.56.03:441][637]LogModuleManager: Shutting down and abandoning module SimplygonMeshReduction (141)
[2017.05.18-16.56.03:441][637]LogModuleManager: Shutting down and abandoning module QuadricMeshReduction (139)
[2017.05.18-16.56.03:451][637]LogModuleManager: Shutting down and abandoning module PropertyEditor (137)
[2017.05.18-16.56.03:451][637]LogModuleManager: Shutting down and abandoning module DerivedDataCache (134)
[2017.05.18-16.56.03:504][637]LogDerivedDataCache: Shutdown
[2017.05.18-16.56.03:505][637]LogModuleManager: Shutting down and abandoning module TargetPlatform (132)
[2017.05.18-16.56.03:505][637]LogModuleManager: Shutting down and abandoning module VulkanShaderFormat (131)
[2017.05.18-16.56.03:516][637]LogModuleManager: Shutting down and abandoning module ShaderFormatOpenGL (129)
[2017.05.18-16.56.03:545][637]LogModuleManager: Shutting down and abandoning module ShaderFormatD3D (127)
[2017.05.18-16.56.03:564][637]LogModuleManager: Shutting down and abandoning module MetalShaderFormat (125)
[2017.05.18-16.56.03:597][637]LogModuleManager: Shutting down and abandoning module TextureFormatUncompressed (123)
[2017.05.18-16.56.03:597][637]LogModuleManager: Shutting down and abandoning module TextureFormatPVR (121)
[2017.05.18-16.56.03:597][637]LogModuleManager: Shutting down and abandoning module TextureFormatDXT (119)
[2017.05.18-16.56.03:607][637]LogModuleManager: Shutting down and abandoning module TextureFormatIntelISPCTexComp (117)
[2017.05.18-16.56.03:621][637]LogModuleManager: Shutting down and abandoning module TextureFormatASTC (115)
[2017.05.18-16.56.03:621][637]LogModuleManager: Shutting down and abandoning module ImageWrapper (114)
[2017.05.18-16.56.03:621][637]LogModuleManager: Shutting down and abandoning module TextureFormatAndroid (111)
[2017.05.18-16.56.03:621][637]LogModuleManager: Shutting down and abandoning module AudioFormatOpus (109)
[2017.05.18-16.56.03:632][637]LogModuleManager: Shutting down and abandoning module AudioFormatOgg (107)
[2017.05.18-16.56.03:632][637]LogModuleManager: Shutting down and abandoning module AudioFormatADPCM (105)
[2017.05.18-16.56.03:632][637]LogModuleManager: Shutting down and abandoning module LinuxTargetPlatform (103)
[2017.05.18-16.56.03:632][637]LogModuleManager: Shutting down and abandoning module LinuxServerTargetPlatform (101)
[2017.05.18-16.56.03:632][637]LogModuleManager: Shutting down and abandoning module LinuxNoEditorTargetPlatform (99)
[2017.05.18-16.56.03:632][637]LogModuleManager: Shutting down and abandoning module LinuxClientTargetPlatform (97)
[2017.05.18-16.56.03:632][637]LogModuleManager: Shutting down and abandoning module TVOSTargetPlatform (95)
[2017.05.18-16.56.03:632][637]LogModuleManager: Shutting down and abandoning module Messaging (93)
[2017.05.18-16.56.03:632][637]LogModuleManager: Shutting down and abandoning module IOSTargetPlatform (91)
[2017.05.18-16.56.03:632][637]LogModuleManager: Shutting down and abandoning module HTML5TargetPlatform (89)
[2017.05.18-16.56.03:632][637]LogModuleManager: Shutting down and abandoning module Android_PVRTCTargetPlatform (87)
[2017.05.18-16.56.03:632][637]LogModuleManager: Shutting down and abandoning module Android_MultiTargetPlatform (85)
[2017.05.18-16.56.03:632][637]LogModuleManager: Shutting down and abandoning module Android_ETC2TargetPlatform (83)
[2017.05.18-16.56.03:632][637]LogModuleManager: Shutting down and abandoning module Android_ETC1TargetPlatform (81)
[2017.05.18-16.56.03:632][637]LogModuleManager: Shutting down and abandoning module Android_DXTTargetPlatform (79)
[2017.05.18-16.56.03:632][637]LogModuleManager: Shutting down and abandoning module Android_ATCTargetPlatform (77)
[2017.05.18-16.56.03:632][637]LogModuleManager: Shutting down and abandoning module Android_ASTCTargetPlatform (75)
[2017.05.18-16.56.03:632][637]LogModuleManager: Shutting down and abandoning module AndroidTargetPlatform (73)
[2017.05.18-16.56.03:633][637]LogModuleManager: Shutting down and abandoning module WindowsTargetPlatform (71)
[2017.05.18-16.56.03:633][637]LogModuleManager: Shutting down and abandoning module WindowsServerTargetPlatform (69)
[2017.05.18-16.56.03:633][637]LogModuleManager: Shutting down and abandoning module WindowsNoEditorTargetPlatform (67)
[2017.05.18-16.56.03:633][637]LogModuleManager: Shutting down and abandoning module WindowsClientTargetPlatform (65)
[2017.05.18-16.56.03:633][637]LogModuleManager: Shutting down and abandoning module MacTargetPlatform (63)
[2017.05.18-16.56.03:633][637]LogModuleManager: Shutting down and abandoning module MacServerTargetPlatform (61)
[2017.05.18-16.56.03:633][637]LogModuleManager: Shutting down and abandoning module MacNoEditorTargetPlatform (59)
[2017.05.18-16.56.03:633][637]LogModuleManager: Shutting down and abandoning module MacClientTargetPlatform (57)
[2017.05.18-16.56.03:633][637]LogModuleManager: Shutting down and abandoning module AllDesktopTargetPlatform (55)
[2017.05.18-16.56.03:633][637]LogModuleManager: Shutting down and abandoning module InputCore (52)
[2017.05.18-16.56.03:633][637]LogModuleManager: Shutting down and abandoning module Settings (50)
[2017.05.18-16.56.03:633][637]LogModuleManager: Shutting down and abandoning module OculusRift (48)
[2017.05.18-16.56.03:643][637]LogModuleManager: Shutting down and abandoning module GearVR (46)
[2017.05.18-16.56.03:643][637]LogModuleManager: Shutting down and abandoning module ExampleDeviceProfileSelector (44)
[2017.05.18-16.56.03:643][637]LogModuleManager: Shutting down and abandoning module OnlineBlueprintSupport (42)
[2017.05.18-16.56.03:643][637]LogModuleManager: Shutting down and abandoning module OnlineSubsystem (38)
[2017.05.18-16.56.03:643][637]LogOnline:Display: Unloading online subsystem: NULL
[2017.05.18-16.56.03:685][637]LogModuleManager: Shutting down and abandoning module XMPP (37)
[2017.05.18-16.56.03:722][637]LogModuleManager: Shutting down and abandoning module HTTP (35)
[2017.05.18-16.56.03:734][637]LogHttp:Display: Http module shutting down, but needs to wait on 1 outstanding Http requests:
[2017.05.18-16.56.03:734][637]LogHttp:Display: 	verb=[POST] url=[https://datarouter.ol.epicgames.com/datarouter/api/v1/public/data?SessionID=%7BC6132215-4A74-9837-9C3D-61AB6F0A7642%7D&AppID=UEEditor.Rocket.Release&AppVersion=4.15.1-3348071%2B%2B%2BUE4%2BRelease-4.15&UserID=edae73924309675393dbb19cd22bb7ed%7C272243dbc6df4f038d5d7a5afa42f595%7C74aa18e9-a85c-4cea-aaea-09061b0a4f2a&AppEnvironment=datacollector-binary&UploadType=eteventstream] status=Processing
[2017.05.18-16.56.03:749][637]LogModuleManager: Shutting down and abandoning module SSL (34)
[2017.05.18-16.56.03:762][637]LogModuleManager: Shutting down and abandoning module AudioEditor (30)
[2017.05.18-16.56.03:772][637]LogModuleManager: Shutting down and abandoning module TextureCompressor (28)
[2017.05.18-16.56.03:786][637]LogModuleManager: Shutting down and abandoning module ShaderCore (26)
[2017.05.18-16.56.03:786][637]LogModuleManager: Shutting down and abandoning module Landscape (24)
[2017.05.18-16.56.03:786][637]LogModuleManager: Shutting down and abandoning module SlateRHIRenderer (22)
[2017.05.18-16.56.03:810][637]LogModuleManager: Shutting down and abandoning module OpenGLDrv (20)
[2017.05.18-16.56.03:837][637]LogModuleManager: Shutting down and abandoning module D3D11RHI (18)
[2017.05.18-16.56.03:837][637]LogModuleManager: Shutting down and abandoning module AnimGraphRuntime (16)
[2017.05.18-16.56.03:846][637]LogModuleManager: Shutting down and abandoning module Renderer (14)
[2017.05.18-16.56.03:846][637]LogModuleManager: Shutting down and abandoning module Engine (12)
[2017.05.18-16.56.03:846][637]LogModuleManager: Shutting down and abandoning module CoreUObject (10)
[2017.05.18-16.56.03:846][637]LogModuleManager: Shutting down and abandoning module NetworkFile (8)
[2017.05.18-16.56.03:876][637]LogModuleManager: Shutting down and abandoning module StreamingFile (6)
[2017.05.18-16.56.03:885][637]LogModuleManager: Shutting down and abandoning module SandboxFile (4)
[2017.05.18-16.56.03:885][637]LogModuleManager: Shutting down and abandoning module PakFile (2)
[2017.05.18-16.56.03:912][637]LogExit: Exiting.
[2017.05.18-16.56.03:916][637]Log file closed, 05/18/17 09:56:03
